<?xml version="1.0" encoding="UTF-8"?>
<!-- Generated by org.testng.reporters.JUnitReportReporter -->
<testsuite hostname="DESKTOP-7BSILN1" failures="0" tests="2" name="Tests.SignUp" time="5.228" errors="0" timestamp="2025-01-12T00:11:56 EET" skipped="0">
  <testcase classname="Tests.SignUp" name="ValidSignUpThenDelete" time="3.930"/>
  <system-out/>
  <testcase classname="Tests.SignUp" name="InvalidRegisterUsingAlreadyRegisteredEmail" time="1.298"/>
  <system-out/>
</testsuite> <!-- Tests.SignUp -->
