<?xml version="1.0" encoding="UTF-8"?>
<!-- Generated by org.testng.reporters.JUnitReportReporter -->
<testsuite hostname="DESKTOP-7BSILN1" failures="0" tests="2" name="Tests.BuyingProducts" time="5.860" errors="0" timestamp="2025-01-05T17:14:33 EET" skipped="0">
  <testcase classname="Tests.BuyingProducts" name="CheckingProductDetails" time="3.012"/>
  <system-out/>
  <testcase classname="Tests.BuyingProducts" name="AddingItemsToCart" time="2.848"/>
  <system-out/>
</testsuite> <!-- Tests.BuyingProducts -->
