<?xml version="1.0" encoding="UTF-8"?>
<!-- Generated by org.testng.reporters.JUnitReportReporter -->
<testsuite hostname="DESKTOP-7BSILN1" failures="0" tests="2" name="Tests.CartTests" time="5.150" errors="0" timestamp="2025-01-12T00:11:56 EET" skipped="0">
  <testcase classname="Tests.CartTests" name="CheckingItemsPrices" time="3.184"/>
  <system-out/>
  <testcase classname="Tests.CartTests" name="CheckingRemoveItemsFromCart" time="1.966"/>
  <system-out/>
</testsuite> <!-- Tests.CartTests -->
