<?xml version="1.0" encoding="UTF-8"?>
<!-- Generated by org.testng.reporters.JUnitReportReporter -->
<testsuite hostname="DESKTOP-7BSILN1" failures="0" tests="3" name="Tests.AddingItemsToCart" time="7.726" errors="0" timestamp="2025-01-12T00:11:56 EET" skipped="0">
  <testcase classname="Tests.AddingItemsToCart" name="CheckingSearchFunctionality" time="1.670"/>
  <system-out/>
  <testcase classname="Tests.AddingItemsToCart" name="AddItemsToCart" time="3.388"/>
  <system-out/>
  <testcase classname="Tests.AddingItemsToCart" name="CheckingProductDetails" time="2.668"/>
  <system-out/>
</testsuite> <!-- Tests.AddingItemsToCart -->
