<?xml version="1.0" encoding="UTF-8"?>
<!-- Generated by org.testng.reporters.JUnitReportReporter -->
<testsuite hostname="DESKTOP-7BSILN1" failures="0" tests="3" name="Tests.PurchaseTests" time="28.773" errors="0" timestamp="2025-01-12T00:11:56 EET" skipped="0">
  <testcase classname="Tests.PurchaseTests" name="FullPurchaseProcessAlreadyLogin" time="9.051"/>
  <system-out/>
  <testcase classname="Tests.PurchaseTests" name="FullPurchaseProcessNotLoggedIn" time="9.826"/>
  <system-out/>
  <testcase classname="Tests.PurchaseTests" name="FullPurchaseProcessNotRegistered" time="9.896"/>
  <system-out/>
</testsuite> <!-- Tests.PurchaseTests -->
