<?xml version="1.0" encoding="UTF-8"?>
<!-- Generated by org.testng.reporters.JUnitReportReporter -->
<testsuite hostname="DESKTOP-7BSILN1" failures="0" tests="1" name="Tests.HomePageTests" time="0.387" errors="0" timestamp="2025-01-03T21:40:55 EET" skipped="0">
  <testcase classname="Tests.HomePageTests" name="GoToAccount" time="0.387"/>
  <system-out/>
</testsuite> <!-- Tests.HomePageTests -->
