<?xml version="1.0" encoding="UTF-8"?>
<!-- Generated by org.testng.reporters.JUnitReportReporter -->
<testsuite hostname="DESKTOP-7BSILN1" failures="0" tests="2" name="Tests.PurchasingItems" time="11.829" errors="0" timestamp="2025-01-06T02:23:50 EET" skipped="0">
  <testcase classname="Tests.PurchasingItems" name="CheckingRemoveItemsFromCart" time="5.782"/>
  <system-out/>
  <testcase classname="Tests.PurchasingItems" name="CheckingItemsPrices" time="6.047"/>
  <system-out/>
</testsuite> <!-- Tests.PurchasingItems -->
