<?xml version="1.0" encoding="UTF-8"?>
<!-- Generated by org.testng.reporters.JUnitReportReporter -->
<testsuite hostname="DESKTOP-7BSILN1" failures="0" tests="2" name="Tests.Login" time="3.854" errors="0" timestamp="2025-01-12T00:11:56 EET" skipped="0">
  <testcase classname="Tests.Login" name="InValidLogin" time="1.893"/>
  <system-out/>
  <testcase classname="Tests.Login" name="ValidLogin" time="1.961"/>
  <system-out/>
</testsuite> <!-- Tests.Login -->
