<?xml version="1.0" encoding="UTF-8"?>
<!-- Generated by org.testng.reporters.JUnitReportReporter -->
<testsuite hostname="DESKTOP-7BSILN1" failures="0" tests="3" name="Tests.CartTests" time="24.378" errors="1" timestamp="06 Jan 2025 21:41:22 GMT" skipped="1">
  <testcase classname="Tests.CartTests" name="CheckingItemsPrices" time="0.765">
    <skipped/>
  </testcase> <!-- CheckingItemsPrices -->
  <testcase classname="Tests.CartTests" name="NavigateToProductsPage" time="0.013">
    <error message="Error {
  message=&#039;Target page, context or browser has been closed
  name=&#039;TargetClosedError
  stack=&#039;TargetClosedError: Target page, context or browser has been closed
    at DispatcherConnection.dispatch (C:\Users\giga\AppData\Local\Temp\playwright-java-6764252199987345375\package\lib\server\dispatchers\dispatcher.js:273:44)
    at transport.onmessage (C:\Users\giga\AppData\Local\Temp\playwright-java-6764252199987345375\package\lib\cli\driver.js:52:57)
    at Immediate._onImmediate (C:\Users\giga\AppData\Local\Temp\playwright-java-6764252199987345375\package\lib\protocol\transport.js:77:34)
    at process.processImmediate (node:internal/timers:491:21)
}" type="com.microsoft.playwright.impl.TargetClosedError">
      <![CDATA[com.microsoft.playwright.impl.TargetClosedError: Error {
  message='Target page, context or browser has been closed
  name='TargetClosedError
  stack='TargetClosedError: Target page, context or browser has been closed
    at DispatcherConnection.dispatch (C:\Users\giga\AppData\Local\Temp\playwright-java-6764252199987345375\package\lib\server\dispatchers\dispatcher.js:273:44)
    at transport.onmessage (C:\Users\giga\AppData\Local\Temp\playwright-java-6764252199987345375\package\lib\cli\driver.js:52:57)
    at Immediate._onImmediate (C:\Users\giga\AppData\Local\Temp\playwright-java-6764252199987345375\package\lib\protocol\transport.js:77:34)
    at process.processImmediate (node:internal/timers:491:21)
}
at com.microsoft.playwright.impl.WaitableResult.get(WaitableResult.java:54)
at com.microsoft.playwright.impl.ChannelOwner.runUntil(ChannelOwner.java:132)
at com.microsoft.playwright.impl.Connection.sendMessage(Connection.java:130)
at com.microsoft.playwright.impl.ChannelOwner.sendMessage(ChannelOwner.java:118)
at com.microsoft.playwright.impl.FrameImpl.clickImpl(FrameImpl.java:252)
at com.microsoft.playwright.impl.PageImpl.lambda$click$18(PageImpl.java:688)
at com.microsoft.playwright.impl.LoggingSupport.lambda$withLogging$0(LoggingSupport.java:36)
at com.microsoft.playwright.impl.LoggingSupport.withLogging(LoggingSupport.java:47)
at com.microsoft.playwright.impl.ChannelOwner.withLogging(ChannelOwner.java:97)
at com.microsoft.playwright.impl.LoggingSupport.withLogging(LoggingSupport.java:35)
at com.microsoft.playwright.impl.PageImpl.click(PageImpl.java:687)
at com.microsoft.playwright.Page.click(Page.java:3914)
at coreElements.Links.Click(Links.java:16)
at Tests.CartTests.NavigateToProductsPage(CartTests.java:26)
at java.base/jdk.internal.reflect.DirectMethodHandleAccessor.invoke(DirectMethodHandleAccessor.java:103)
at java.base/java.lang.reflect.Method.invoke(Method.java:580)
at org.testng.internal.MethodInvocationHelper.invokeMethod(MethodInvocationHelper.java:124)
at org.testng.internal.MethodInvocationHelper.invokeMethodConsideringTimeout(MethodInvocationHelper.java:59)
at org.testng.internal.Invoker.invokeConfigurationMethod(Invoker.java:458)
at org.testng.internal.Invoker.invokeConfigurations(Invoker.java:222)
at org.testng.internal.Invoker.invokeMethod(Invoker.java:523)
at org.testng.internal.Invoker.invokeTestMethod(Invoker.java:719)
at org.testng.internal.Invoker.invokeTestMethods(Invoker.java:989)
at org.testng.internal.TestMethodWorker.invokeTestMethods(TestMethodWorker.java:125)
at org.testng.internal.TestMethodWorker.run(TestMethodWorker.java:109)
at org.testng.TestRunner.privateRun(TestRunner.java:648)
at org.testng.TestRunner.run(TestRunner.java:505)
at org.testng.SuiteRunner.runTest(SuiteRunner.java:455)
at org.testng.SuiteRunner.runSequentially(SuiteRunner.java:450)
at org.testng.SuiteRunner.privateRun(SuiteRunner.java:415)
at org.testng.SuiteRunner.run(SuiteRunner.java:364)
at org.testng.SuiteRunnerWorker.runSuite(SuiteRunnerWorker.java:52)
at org.testng.SuiteRunnerWorker.run(SuiteRunnerWorker.java:84)
at org.testng.TestNG.runSuitesSequentially(TestNG.java:1208)
at org.testng.TestNG.runSuitesLocally(TestNG.java:1137)
at org.testng.TestNG.runSuites(TestNG.java:1049)
at org.testng.TestNG.run(TestNG.java:1017)
at org.apache.maven.surefire.testng.TestNGExecutor.run(TestNGExecutor.java:324)
at org.apache.maven.surefire.testng.TestNGXmlTestSuite.execute(TestNGXmlTestSuite.java:74)
at org.apache.maven.surefire.testng.TestNGProvider.invoke(TestNGProvider.java:123)
at org.apache.maven.surefire.booter.ForkedBooter.runSuitesInProcess(ForkedBooter.java:456)
at org.apache.maven.surefire.booter.ForkedBooter.execute(ForkedBooter.java:169)
at org.apache.maven.surefire.booter.ForkedBooter.run(ForkedBooter.java:595)
at org.apache.maven.surefire.booter.ForkedBooter.main(ForkedBooter.java:581)
Caused by: com.microsoft.playwright.impl.TargetClosedError: Error {
  message='Target page, context or browser has been closed
  name='TargetClosedError
  stack='TargetClosedError: Target page, context or browser has been closed
    at DispatcherConnection.dispatch (C:\Users\giga\AppData\Local\Temp\playwright-java-6764252199987345375\package\lib\server\dispatchers\dispatcher.js:273:44)
    at transport.onmessage (C:\Users\giga\AppData\Local\Temp\playwright-java-6764252199987345375\package\lib\cli\driver.js:52:57)
    at Immediate._onImmediate (C:\Users\giga\AppData\Local\Temp\playwright-java-6764252199987345375\package\lib\protocol\transport.js:77:34)
    at process.processImmediate (node:internal/timers:491:21)
}
at com.microsoft.playwright.impl.Connection.dispatch(Connection.java:256)
at com.microsoft.playwright.impl.Connection.processOneMessage(Connection.java:211)
at com.microsoft.playwright.impl.ChannelOwner.runUntil(ChannelOwner.java:130)
... 42 more
]]>
    </error>
  </testcase> <!-- NavigateToProductsPage -->
  <testcase classname="Tests.CartTests" name="CheckingRemoveItemsFromCart" time="23.600"/>
</testsuite> <!-- Tests.CartTests -->
