<?xml version="1.0" encoding="UTF-8"?>
<!-- Generated by org.testng.reporters.JUnitReportReporter -->
<testsuite hostname="DESKTOP-7BSILN1" failures="0" tests="1" name="Tests.SignUp" time="4.081" errors="0" timestamp="06 Jan 2025 21:41:22 GMT" skipped="0">
  <testcase classname="Tests.SignUp" name="ValidSignUp" time="4.081"/>
</testsuite> <!-- Tests.SignUp -->
