<?xml version="1.0" encoding="UTF-8"?>
<!-- Generated by org.testng.reporters.JUnitReportReporter -->
<testsuite hostname="DESKTOP-7BSILN1" failures="0" tests="3" name="Tests.AddingItemsToCart" time="9.669" errors="0" timestamp="06 Jan 2025 21:41:22 GMT" skipped="0">
  <testcase classname="Tests.AddingItemsToCart" name="AddItemsToCart" time="3.742"/>
  <testcase classname="Tests.AddingItemsToCart" name="CheckingProductDetails" time="3.486"/>
  <testcase classname="Tests.AddingItemsToCart" name="CheckingSearchFunctionality" time="2.441"/>
</testsuite> <!-- Tests.AddingItemsToCart -->
