<?xml version="1.0" encoding="UTF-8"?>
<!-- Generated by org.testng.reporters.JUnitReportReporter -->
<testsuite hostname="DESKTOP-7BSILN1" failures="0" tests="1" name="Tests.Login" time="2.374" errors="0" timestamp="06 Jan 2025 21:41:22 GMT" skipped="0">
  <testcase classname="Tests.Login" name="ValidLogin" time="2.374"/>
</testsuite> <!-- Tests.Login -->
